D:\ZHENYI\GITREPOSITORY\TACTONICPLUGIN\TACTONICDLLPLUGIN\TACTONICCODE\SIMPLEDLL\DEBUG\EXPORTINT.OBJ
D:\ZHENYI\GITREPOSITORY\TACTONICPLUGIN\TACTONICDLLPLUGIN\TACTONICCODE\SIMPLEDLL\DEBUG\MYINT.OBJ
D:\ZHENYI\GITREPOSITORY\TACTONICPLUGIN\TACTONICDLLPLUGIN\TACTONICCODE\SIMPLEDLL\DEBUG\TACTONICDLL.OBJ
D:\ZHENYI\GITREPOSITORY\TACTONICPLUGIN\TACTONICDLLPLUGIN\TACTONICCODE\SIMPLEDLL\DEBUG\VC110.PDB
D:\ZHENYI\GITREPOSITORY\TACTONICPLUGIN\TACTONICDLLPLUGIN\TACTONICCODE\TACTONICDEMOS\DEBUG\SIMPLEDLL.ILK
D:\ZHENYI\GITREPOSITORY\TACTONICPLUGIN\TACTONICDLLPLUGIN\TACTONICCODE\TACTONICDEMOS\DEBUG\SIMPLEDLL.DLL
D:\ZHENYI\GITREPOSITORY\TACTONICPLUGIN\TACTONICDLLPLUGIN\TACTONICCODE\TACTONICDEMOS\DEBUG\SIMPLEDLL.PDB
D:\Zhenyi\gitRepository\TactonicPlugin\TactonicDLLPlugin\TactonicCode\TactonicDemos\Debug\SimpleDLL.lib
D:\Zhenyi\gitRepository\TactonicPlugin\TactonicDLLPlugin\TactonicCode\TactonicDemos\Debug\SimpleDLL.exp
D:\Zhenyi\gitRepository\TactonicPlugin\TactonicDLLPlugin\TactonicCode\SimpleDLL\Debug\ExportInt.obj
D:\Zhenyi\gitRepository\TactonicPlugin\TactonicDLLPlugin\TactonicCode\SimpleDLL\Debug\MYINT.obj
D:\Zhenyi\gitRepository\TactonicPlugin\TactonicDLLPlugin\TactonicCode\SimpleDLL\Debug\TactonicDLL.obj
D:\Zhenyi\gitRepository\TactonicPlugin\TactonicDLLPlugin\TactonicCode\SimpleDLL\Debug\cl.command.1.tlog
D:\Zhenyi\gitRepository\TactonicPlugin\TactonicDLLPlugin\TactonicCode\SimpleDLL\Debug\CL.read.1.tlog
D:\Zhenyi\gitRepository\TactonicPlugin\TactonicDLLPlugin\TactonicCode\SimpleDLL\Debug\CL.write.1.tlog
D:\Zhenyi\gitRepository\TactonicPlugin\TactonicDLLPlugin\TactonicCode\SimpleDLL\Debug\link-cvtres.read.1.tlog
D:\Zhenyi\gitRepository\TactonicPlugin\TactonicDLLPlugin\TactonicCode\SimpleDLL\Debug\link-cvtres.write.1.tlog
D:\Zhenyi\gitRepository\TactonicPlugin\TactonicDLLPlugin\TactonicCode\SimpleDLL\Debug\link-rc.read.1.tlog
D:\Zhenyi\gitRepository\TactonicPlugin\TactonicDLLPlugin\TactonicCode\SimpleDLL\Debug\link-rc.write.1.tlog
D:\Zhenyi\gitRepository\TactonicPlugin\TactonicDLLPlugin\TactonicCode\SimpleDLL\Debug\link.command.1.tlog
D:\Zhenyi\gitRepository\TactonicPlugin\TactonicDLLPlugin\TactonicCode\SimpleDLL\Debug\link.read.1.tlog
D:\Zhenyi\gitRepository\TactonicPlugin\TactonicDLLPlugin\TactonicCode\SimpleDLL\Debug\link.write.1.tlog
D:\Zhenyi\gitRepository\TactonicPlugin\TactonicDLLPlugin\TactonicCode\SimpleDLL\Debug\SimpleDLL.write.1.tlog
D:\Zhenyi\gitRepository\TactonicPlugin\TactonicDLLPlugin\TactonicCode\SimpleDLL\Debug\vc110.idb
D:\Zhenyi\gitRepository\TactonicPlugin\TactonicDLLPlugin\TactonicCode\SimpleDLL\Debug\vc110.pdb
D:\Zhenyi\gitRepository\TactonicPlugin\TactonicDLLPlugin\TactonicCode\TactonicDemos\Debug\SimpleDLL.pdb
D:\Zhenyi\gitRepository\TactonicPlugin\TactonicDLLPlugin\TactonicCode\TactonicDemos\Debug\SimpleDLL.dll
D:\Zhenyi\gitRepository\TactonicPlugin\TactonicDLLPlugin\TactonicCode\TactonicDemos\Debug\SimpleDLL.ilk
