Build started 11/20/2015 1:59:59 AM.
     1>Project "D:\Library\Tactonic-hp-2012\visualizer\TactonicCode\TactonicDemos\TactonicDLL\TactonicDLL.vcxproj" on node 2 (Rebuild target(s)).
     1>ClCompile:
         C:\Program Files (x86)\Microsoft Visual Studio 11.0\VC\bin\CL.exe /c /I"D:\Library\Tactonic-hp-2012\visualizer\TactonicCode\TactonicDemos\include" /I"D:\Library\Tactonic-hp-2012\visualizer\TactonicCode\TactonicDemos\..\..\Stable\TactonicLib\include" /ZI /nologo /W3 /WX- /sdl /Od /Oy- /D WIN32 /D _DEBUG /D _WINDOWS /D _USRDLL /D TACTONICDLL_EXPORTS /D _WINDLL /D _UNICODE /D UNICODE /Gm /EHsc /RTC1 /MDd /GS /fp:precise /Zc:wchar_t /Zc:forScope /Fo"Debug\\" /Fd"Debug\vc110.pdb" /Gd /TP /analyze- /errorReport:prompt ExportTactonicDLL.cpp TactonicDLL.cpp
         TactonicDLL.cpp
         ExportTactonicDLL.cpp
         Generating Code...
       Link:
         C:\Program Files (x86)\Microsoft Visual Studio 11.0\VC\bin\link.exe /ERRORREPORT:PROMPT /OUT:"D:\Library\Tactonic-hp-2012\visualizer\TactonicCode\TactonicDemos\Debug\TactonicDLL.dll" /INCREMENTAL /NOLOGO /LIBPATH:"D:\Library\Tactonic-hp-2012\visualizer\TactonicCode\TactonicDemos\lib" /LIBPATH:"D:\Library\Tactonic-hp-2012\visualizer\TactonicCode\TactonicDemos\..\..\Stable\TactonicLib\lib" tactonic.lib kernel32.lib user32.lib gdi32.lib winspool.lib comdlg32.lib advapi32.lib shell32.lib ole32.lib oleaut32.lib uuid.lib odbc32.lib odbccp32.lib /MANIFEST /MANIFESTUAC:"level='asInvoker' uiAccess='false'" /manifest:embed /DEBUG /PDB:"D:\Library\Tactonic-hp-2012\visualizer\TactonicCode\TactonicDemos\Debug\TactonicDLL.pdb" /SUBSYSTEM:WINDOWS /TLBID:1 /DYNAMICBASE /NXCOMPAT /IMPLIB:"D:\Library\Tactonic-hp-2012\visualizer\TactonicCode\TactonicDemos\Debug\TactonicDLL.lib" /MACHINE:X86 /SAFESEH:NO /DLL Debug\ExportTactonicDLL.obj
         Debug\TactonicDLL.obj
            Creating library D:\Library\Tactonic-hp-2012\visualizer\TactonicCode\TactonicDemos\Debug\TactonicDLL.lib and object D:\Library\Tactonic-hp-2012\visualizer\TactonicCode\TactonicDemos\Debug\TactonicDLL.exp
         TactonicDLL.vcxproj -> D:\Library\Tactonic-hp-2012\visualizer\TactonicCode\TactonicDemos\Debug\TactonicDLL.dll
       PostBuildEvent:
         del D:\Zhenyi\gitRepository\TactonicDLLTest\Assets\Plugins\TactonicDLL.dll
         del D:\Zhenyi\gitRepository\TactonicDLLTest\Assets\Plugins\TactonicDLL.pdb
         xcopy D:\Library\Tactonic-hp-2012\visualizer\TactonicCode\TactonicDemos\Debug\TactonicDLL.dll D:\Zhenyi\gitRepository\TactonicDLLTest\Assets\Plugins /I /E /Y /D
         xcopy D:\Library\Tactonic-hp-2012\visualizer\TactonicCode\TactonicDemos\Debug\TactonicDLL.pdb D:\Zhenyi\gitRepository\TactonicDLLTest\Assets\Plugins /I /E /Y /D
         :VCEnd
         D:\Library\Tactonic-hp-2012\visualizer\TactonicCode\TactonicDemos\Debug\TactonicDLL.dll
         1 File(s) copied
         D:\Library\Tactonic-hp-2012\visualizer\TactonicCode\TactonicDemos\Debug\TactonicDLL.pdb
         1 File(s) copied
     1>Done Building Project "D:\Library\Tactonic-hp-2012\visualizer\TactonicCode\TactonicDemos\TactonicDLL\TactonicDLL.vcxproj" (Rebuild target(s)).

Build succeeded.

Time Elapsed 00:00:02.23
