E:\ZHENYI\TACTONICPLUGIN\TACTONICDLLPLUGIN\TACTONICCODE\TACTONICDEMOS\TACTONICDLL\DEBUG\EXPORTTACTONICDLL.OBJ
E:\ZHENYI\TACTONICPLUGIN\TACTONICDLLPLUGIN\TACTONICCODE\TACTONICDEMOS\TACTONICDLL\DEBUG\TACTONICDLL.OBJ
E:\ZHENYI\TACTONICPLUGIN\TACTONICDLLPLUGIN\TACTONICCODE\TACTONICDEMOS\TACTONICDLL\DEBUG\VC110.PDB
E:\ZHENYI\TACTONICPLUGIN\TACTONICDLLPLUGIN\TACTONICCODE\TACTONICDEMOS\DEBUG\TACTONICDLL.ILK
E:\ZHENYI\TACTONICPLUGIN\TACTONICDLLPLUGIN\TACTONICCODE\TACTONICDEMOS\DEBUG\TACTONICDLL.DLL
E:\ZHENYI\TACTONICPLUGIN\TACTONICDLLPLUGIN\TACTONICCODE\TACTONICDEMOS\DEBUG\TACTONICDLL.PDB
E:\zhenyi\TactonicPlugin\TactonicDLLPlugin\TactonicCode\TactonicDemos\Debug\TactonicDLL.lib
E:\zhenyi\TactonicPlugin\TactonicDLLPlugin\TactonicCode\TactonicDemos\Debug\TactonicDLL.exp
E:\zhenyi\TactonicPlugin\TactonicDLLPlugin\TactonicCode\TactonicDemos\TactonicDLL\Debug\ExportTactonicDLL.obj
E:\zhenyi\TactonicPlugin\TactonicDLLPlugin\TactonicCode\TactonicDemos\TactonicDLL\Debug\TactonicDLL.obj
E:\zhenyi\TactonicPlugin\TactonicDLLPlugin\TactonicCode\TactonicDemos\TactonicDLL\Debug\cl.command.1.tlog
E:\zhenyi\TactonicPlugin\TactonicDLLPlugin\TactonicCode\TactonicDemos\TactonicDLL\Debug\CL.read.1.tlog
E:\zhenyi\TactonicPlugin\TactonicDLLPlugin\TactonicCode\TactonicDemos\TactonicDLL\Debug\CL.write.1.tlog
E:\zhenyi\TactonicPlugin\TactonicDLLPlugin\TactonicCode\TactonicDemos\TactonicDLL\Debug\link-cvtres.read.1.tlog
E:\zhenyi\TactonicPlugin\TactonicDLLPlugin\TactonicCode\TactonicDemos\TactonicDLL\Debug\link-cvtres.write.1.tlog
E:\zhenyi\TactonicPlugin\TactonicDLLPlugin\TactonicCode\TactonicDemos\TactonicDLL\Debug\link-rc.read.1.tlog
E:\zhenyi\TactonicPlugin\TactonicDLLPlugin\TactonicCode\TactonicDemos\TactonicDLL\Debug\link-rc.write.1.tlog
E:\zhenyi\TactonicPlugin\TactonicDLLPlugin\TactonicCode\TactonicDemos\TactonicDLL\Debug\link.command.1.tlog
E:\zhenyi\TactonicPlugin\TactonicDLLPlugin\TactonicCode\TactonicDemos\TactonicDLL\Debug\link.read.1.tlog
E:\zhenyi\TactonicPlugin\TactonicDLLPlugin\TactonicCode\TactonicDemos\TactonicDLL\Debug\link.write.1.tlog
E:\zhenyi\TactonicPlugin\TactonicDLLPlugin\TactonicCode\TactonicDemos\TactonicDLL\Debug\TactonicDLL.write.1.tlog
E:\zhenyi\TactonicPlugin\TactonicDLLPlugin\TactonicCode\TactonicDemos\TactonicDLL\Debug\vc110.idb
E:\zhenyi\TactonicPlugin\TactonicDLLPlugin\TactonicCode\TactonicDemos\TactonicDLL\Debug\vc110.pdb
E:\zhenyi\TactonicPlugin\TactonicDLLPlugin\TactonicCode\TactonicDemos\Debug\TactonicDLL.pdb
E:\zhenyi\TactonicPlugin\TactonicDLLPlugin\TactonicCode\TactonicDemos\Debug\TactonicDLL.dll
E:\zhenyi\TactonicPlugin\TactonicDLLPlugin\TactonicCode\TactonicDemos\Debug\TactonicDLL.ilk
