D:\LIBRARY\TACTONIC-HP-2012\VISUALIZER\TACTONICCODE\TACTONICDEMOS\DEBUG\CONTOURS.OBJ
D:\LIBRARY\TACTONIC-HP-2012\VISUALIZER\TACTONICCODE\TACTONICDEMOS\DEBUG\DISPLAYVIEWS.OBJ
D:\LIBRARY\TACTONIC-HP-2012\VISUALIZER\TACTONICCODE\TACTONICDEMOS\DEBUG\TACTONICVISUALIZER.OBJ
D:\LIBRARY\TACTONIC-HP-2012\VISUALIZER\TACTONICCODE\TACTONICDEMOS\DEBUG\VC110.PDB
D:\LIBRARY\TACTONIC-HP-2012\VISUALIZER\TACTONICCODE\TACTONICDEMOS\DEBUG\TACTONICVISUALIZERWIN.ILK
D:\LIBRARY\TACTONIC-HP-2012\VISUALIZER\TACTONICCODE\TACTONICDEMOS\DEBUG\TACTONICVISUALIZERWIN.EXE
D:\LIBRARY\TACTONIC-HP-2012\VISUALIZER\TACTONICCODE\TACTONICDEMOS\DEBUG\TACTONICVISUALIZERWIN.PDB
D:\Library\Tactonic-hp-2012\visualizer\TactonicCode\TactonicDemos\Debug\Contours.obj
D:\Library\Tactonic-hp-2012\visualizer\TactonicCode\TactonicDemos\Debug\DisplayViews.obj
D:\Library\Tactonic-hp-2012\visualizer\TactonicCode\TactonicDemos\Debug\TactonicVisualizer.obj
D:\Library\Tactonic-hp-2012\visualizer\TactonicCode\TactonicDemos\Debug\TactonicVisualizerWin.ilk
D:\Library\Tactonic-hp-2012\visualizer\TactonicCode\TactonicDemos\Debug\TestDLL.ilk
D:\Library\Tactonic-hp-2012\visualizer\TactonicCode\TactonicDemos\Debug\cl.command.1.tlog
D:\Library\Tactonic-hp-2012\visualizer\TactonicCode\TactonicDemos\Debug\CL.read.1.tlog
D:\Library\Tactonic-hp-2012\visualizer\TactonicCode\TactonicDemos\Debug\CL.write.1.tlog
D:\Library\Tactonic-hp-2012\visualizer\TactonicCode\TactonicDemos\Debug\link-cvtres.read.1.tlog
D:\Library\Tactonic-hp-2012\visualizer\TactonicCode\TactonicDemos\Debug\link-cvtres.write.1.tlog
D:\Library\Tactonic-hp-2012\visualizer\TactonicCode\TactonicDemos\Debug\link-rc.read.1.tlog
D:\Library\Tactonic-hp-2012\visualizer\TactonicCode\TactonicDemos\Debug\link-rc.write.1.tlog
D:\Library\Tactonic-hp-2012\visualizer\TactonicCode\TactonicDemos\Debug\link.command.1.tlog
D:\Library\Tactonic-hp-2012\visualizer\TactonicCode\TactonicDemos\Debug\link.read.1.tlog
D:\Library\Tactonic-hp-2012\visualizer\TactonicCode\TactonicDemos\Debug\link.write.1.tlog
D:\Library\Tactonic-hp-2012\visualizer\TactonicCode\TactonicDemos\Debug\vc110.idb
D:\Library\Tactonic-hp-2012\visualizer\TactonicCode\TactonicDemos\Debug\TactonicVisualizerWin.pdb
D:\Library\Tactonic-hp-2012\visualizer\TactonicCode\TactonicDemos\Debug\TestDLL.pdb
D:\Library\Tactonic-hp-2012\visualizer\TactonicCode\TactonicDemos\Debug\vc110.pdb
D:\Library\Tactonic-hp-2012\visualizer\TactonicCode\TactonicDemos\Debug\TactonicVisualizerWin.exe
