Build started 12/24/2015 5:33:43 PM.
     1>Project "E:\zhenyi\TactonicPlugin\TactonicDLLPlugin\TactonicCode\TactonicDemos\TactonicVisualizerWin.vcxproj" on node 2 (Build target(s)).
       Project file contains ToolsVersion="14.0". This toolset may be unknown or missing, in which case you may be able to resolve this by installing the appropriate version of MSBuild, or the build may have been forced to a particular ToolsVersion for policy reasons. Treating the project as if it had ToolsVersion="4.0". For more information, please see http://go.microsoft.com/fwlink/?LinkId=291333.
     1>Link:
         TactonicVisualizerWin.vcxproj -> E:\zhenyi\TactonicPlugin\TactonicDLLPlugin\TactonicCode\TactonicDemos\Debug\TactonicVisualizerWin.exe
       PostBuildEvent:
         echo POSTBUILDSTEP for Debug - TactonicVisualizerWin
         xcopy "E:\zhenyi\TactonicPlugin\TactonicDLLPlugin\TactonicCode\TactonicDemos\\..\..\Stable\TactonicLib\lib\tactonic.dll" "E:\zhenyi\TactonicPlugin\TactonicDLLPlugin\TactonicCode\TactonicDemos\\Debug"  /y
         xcopy "E:\zhenyi\TactonicPlugin\TactonicDLLPlugin\TactonicCode\TactonicDemos\\..\..\Stable\TactonicLib\lib\tactonicTouch.dll" "E:\zhenyi\TactonicPlugin\TactonicDLLPlugin\TactonicCode\TactonicDemos\\Debug"  /y
         xcopy "E:\zhenyi\TactonicPlugin\TactonicDLLPlugin\TactonicCode\TactonicDemos\\..\..\Stable\TactonicLib\lib\ftd2xx.dll" "E:\zhenyi\TactonicPlugin\TactonicDLLPlugin\TactonicCode\TactonicDemos\\Debug"  /y
         xcopy "E:\zhenyi\TactonicPlugin\TactonicDLLPlugin\TactonicCode\TactonicDemos\\lib\glut32.dll" "E:\zhenyi\TactonicPlugin\TactonicDLLPlugin\TactonicCode\TactonicDemos\\Debug"  /y
         xcopy "E:\zhenyi\TactonicPlugin\TactonicDLLPlugin\TactonicCode\TactonicDemos\\include\DisplayViews.h" "E:\zhenyi\TactonicPlugin\TactonicDLLPlugin\TactonicCode\TactonicDemos\\..\..\Stable\TactonicSource\include\"  /y
         xcopy "E:\zhenyi\TactonicPlugin\TactonicDLLPlugin\TactonicCode\TactonicDemos\\src\DisplayViews.cpp" "E:\zhenyi\TactonicPlugin\TactonicDLLPlugin\TactonicCode\TactonicDemos\\..\..\Stable\TactonicSource\src\"  /y
         xcopy "E:\zhenyi\TactonicPlugin\TactonicDLLPlugin\TactonicCode\TactonicDemos\\src\TactonicVisualizer.cpp" "E:\zhenyi\TactonicPlugin\TactonicDLLPlugin\TactonicCode\TactonicDemos\\..\..\Stable\TactonicSource\src\"  /y
         xcopy "E:\zhenyi\TactonicPlugin\TactonicDLLPlugin\TactonicCode\TactonicDemos\TactonicVisualizerLogo.tga" "E:\zhenyi\TactonicPlugin\TactonicDLLPlugin\TactonicCode\TactonicDemos\\Debug"  /y
         
         :VCEnd
         POSTBUILDSTEP for Debug - TactonicVisualizerWin
         E:\zhenyi\TactonicPlugin\TactonicDLLPlugin\TactonicCode\TactonicDemos\\..\..\Stable\TactonicLib\lib\tactonic.dll
         1 File(s) copied
         E:\zhenyi\TactonicPlugin\TactonicDLLPlugin\TactonicCode\TactonicDemos\\..\..\Stable\TactonicLib\lib\tactonicTouch.dll
         1 File(s) copied
         E:\zhenyi\TactonicPlugin\TactonicDLLPlugin\TactonicCode\TactonicDemos\\..\..\Stable\TactonicLib\lib\ftd2xx.dll
         1 File(s) copied
         E:\zhenyi\TactonicPlugin\TactonicDLLPlugin\TactonicCode\TactonicDemos\\lib\glut32.dll
         1 File(s) copied
         E:\zhenyi\TactonicPlugin\TactonicDLLPlugin\TactonicCode\TactonicDemos\\include\DisplayViews.h
         1 File(s) copied
         E:\zhenyi\TactonicPlugin\TactonicDLLPlugin\TactonicCode\TactonicDemos\\src\DisplayViews.cpp
         1 File(s) copied
         E:\zhenyi\TactonicPlugin\TactonicDLLPlugin\TactonicCode\TactonicDemos\\src\TactonicVisualizer.cpp
         1 File(s) copied
         E:\zhenyi\TactonicPlugin\TactonicDLLPlugin\TactonicCode\TactonicDemos\TactonicVisualizerLogo.tga
         1 File(s) copied
     1>Done Building Project "E:\zhenyi\TactonicPlugin\TactonicDLLPlugin\TactonicCode\TactonicDemos\TactonicVisualizerWin.vcxproj" (Build target(s)).

Build succeeded.

Time Elapsed 00:00:00.10
