d:\disk_e\work\pc\visualizer\tactoniccode\tactonicdemos -send out version\release\tactonicvisualizer.obj
d:\disk_e\work\pc\visualizer\tactoniccode\tactonicdemos -send out version\release\displayviews.obj
d:\disk_e\work\pc\visualizer\tactoniccode\tactonicdemos -send out version\release\contours.obj
d:\disk_e\work\pc\visualizer\tactoniccode\tactonicdemos -send out version\release\vc100.pdb
d:\disk_e\work\pc\visualizer\tactoniccode\tactonicdemos -send out version\release\tactonicvisualizerwin.exe
d:\disk_e\work\pc\visualizer\tactoniccode\tactonicdemos -send out version\release\tactonicvisualizerwin.exe.intermediate.manifest
d:\disk_e\work\pc\visualizer\tactoniccode\tactonicdemos -send out version\release\tactonicvisualizerwin.pdb
d:\library\tactonic-hp\visualizer\tactoniccode\tactonicdemos -send out version\release\vc140.pdb
d:\library\tactonic-hp\visualizer\tactoniccode\tactonicdemos -send out version\release\tactonicvisualizer.obj
d:\library\tactonic-hp\visualizer\tactoniccode\tactonicdemos -send out version\release\displayviews.obj
d:\library\tactonic-hp\visualizer\tactoniccode\tactonicdemos -send out version\release\contours.obj
d:\library\tactonic-hp\visualizer\tactoniccode\tactonicdemos -send out version\release\tactonicvisualizerwin.vcxprojresolveassemblyreference.cache
d:\library\tactonic-hp\visualizer\tactoniccode\tactonicdemos -send out version\release\tactonicvisualizerwin.ipdb
d:\library\tactonic-hp\visualizer\tactoniccode\tactonicdemos -send out version\release\tactonicvisualizerwin.iobj
d:\library\tactonic-hp\visualizer\tactoniccode\tactonicdemos -send out version\release\cl.command.1.tlog
d:\library\tactonic-hp\visualizer\tactoniccode\tactonicdemos -send out version\release\cl.read.1.tlog
d:\library\tactonic-hp\visualizer\tactoniccode\tactonicdemos -send out version\release\cl.write.1.tlog
d:\library\tactonic-hp\visualizer\tactoniccode\tactonicdemos -send out version\release\link.command.1.tlog
d:\library\tactonic-hp\visualizer\tactoniccode\tactonicdemos -send out version\release\link.read.1.tlog
d:\library\tactonic-hp\visualizer\tactoniccode\tactonicdemos -send out version\release\link.write.1.tlog
d:\library\tactonic-hp\visualizer\tactoniccode\tactonicdemos -send out version\release\mt.command.1.tlog
d:\library\tactonic-hp\visualizer\tactoniccode\tactonicdemos -send out version\release\mt.read.1.tlog
d:\library\tactonic-hp\visualizer\tactoniccode\tactonicdemos -send out version\release\mt.write.1.tlog
d:\library\tactonic-hp\visualizer\tactoniccode\tactonicdemos -send out version\release\tactonicvisualizerwin.write.1.tlog
d:\library\tactonic-hp\visualizer\tactoniccode\tactonicdemos -send out version\release\tactonicvisualizerwin.exe.intermediate.manifest
d:\library\tactonic-hp\visualizer\tactoniccode\tactonicdemos -send out version\release\tactonicvisualizerwin.pdb
d:\library\tactonic-hp\visualizer\tactoniccode\tactonicdemos -send out version\release\vc100.pdb
d:\library\tactonic-hp\visualizer\tactoniccode\tactonicdemos -send out version\release\tactonic.db37d910.tlog\cl.command.1.tlog
d:\library\tactonic-hp\visualizer\tactoniccode\tactonicdemos -send out version\release\tactonic.db37d910.tlog\cl.read.1.tlog
d:\library\tactonic-hp\visualizer\tactoniccode\tactonicdemos -send out version\release\tactonic.db37d910.tlog\cl.write.1.tlog
d:\library\tactonic-hp\visualizer\tactoniccode\tactonicdemos -send out version\release\tactonic.db37d910.tlog\link-cvtres.read.1.tlog
d:\library\tactonic-hp\visualizer\tactoniccode\tactonicdemos -send out version\release\tactonic.db37d910.tlog\link-cvtres.write.1.tlog
d:\library\tactonic-hp\visualizer\tactoniccode\tactonicdemos -send out version\release\tactonic.db37d910.tlog\link-rc.read.1.tlog
d:\library\tactonic-hp\visualizer\tactoniccode\tactonicdemos -send out version\release\tactonic.db37d910.tlog\link-rc.write.1.tlog
d:\library\tactonic-hp\visualizer\tactoniccode\tactonicdemos -send out version\release\tactonic.db37d910.tlog\link.command.1.tlog
d:\library\tactonic-hp\visualizer\tactoniccode\tactonicdemos -send out version\release\tactonic.db37d910.tlog\link.read.1.tlog
d:\library\tactonic-hp\visualizer\tactoniccode\tactonicdemos -send out version\release\tactonic.db37d910.tlog\link.write.1.tlog
