E:\ZHENYI\TACTONICPLUGIN\TACTONICDLLPLUGIN\TACTONICCODE\SINGLETACTONICDLL\DEBUG\EXPORTTACTONICDLL.OBJ
E:\ZHENYI\TACTONICPLUGIN\TACTONICDLLPLUGIN\TACTONICCODE\SINGLETACTONICDLL\DEBUG\TACTONICDLL.OBJ
E:\ZHENYI\TACTONICPLUGIN\TACTONICDLLPLUGIN\TACTONICCODE\SINGLETACTONICDLL\DEBUG\VC110.PDB
E:\ZHENYI\TACTONICPLUGIN\TACTONICDLLPLUGIN\TACTONICCODE\TACTONICDEMOS\DEBUG\SINGLETACTONICDLL.ILK
E:\ZHENYI\TACTONICPLUGIN\TACTONICDLLPLUGIN\TACTONICCODE\TACTONICDEMOS\DEBUG\SINGLETACTONICDLL.DLL
E:\ZHENYI\TACTONICPLUGIN\TACTONICDLLPLUGIN\TACTONICCODE\TACTONICDEMOS\DEBUG\SINGLETACTONICDLL.PDB
E:\zhenyi\TactonicPlugin\TactonicDLLPlugin\TactonicCode\TactonicDemos\Debug\SingleTactonicDLL.lib
E:\zhenyi\TactonicPlugin\TactonicDLLPlugin\TactonicCode\TactonicDemos\Debug\SingleTactonicDLL.exp
E:\zhenyi\TactonicPlugin\TactonicDLLPlugin\TactonicCode\SingleTactonicDLL\Debug\ExportTactonicDLL.obj
E:\zhenyi\TactonicPlugin\TactonicDLLPlugin\TactonicCode\SingleTactonicDLL\Debug\TactonicDLL.obj
E:\zhenyi\TactonicPlugin\TactonicDLLPlugin\TactonicCode\SingleTactonicDLL\Debug\cl.command.1.tlog
E:\zhenyi\TactonicPlugin\TactonicDLLPlugin\TactonicCode\SingleTactonicDLL\Debug\CL.read.1.tlog
E:\zhenyi\TactonicPlugin\TactonicDLLPlugin\TactonicCode\SingleTactonicDLL\Debug\CL.write.1.tlog
E:\zhenyi\TactonicPlugin\TactonicDLLPlugin\TactonicCode\SingleTactonicDLL\Debug\link-cvtres.read.1.tlog
E:\zhenyi\TactonicPlugin\TactonicDLLPlugin\TactonicCode\SingleTactonicDLL\Debug\link-cvtres.write.1.tlog
E:\zhenyi\TactonicPlugin\TactonicDLLPlugin\TactonicCode\SingleTactonicDLL\Debug\link-rc.read.1.tlog
E:\zhenyi\TactonicPlugin\TactonicDLLPlugin\TactonicCode\SingleTactonicDLL\Debug\link-rc.write.1.tlog
E:\zhenyi\TactonicPlugin\TactonicDLLPlugin\TactonicCode\SingleTactonicDLL\Debug\link.command.1.tlog
E:\zhenyi\TactonicPlugin\TactonicDLLPlugin\TactonicCode\SingleTactonicDLL\Debug\link.read.1.tlog
E:\zhenyi\TactonicPlugin\TactonicDLLPlugin\TactonicCode\SingleTactonicDLL\Debug\link.write.1.tlog
E:\zhenyi\TactonicPlugin\TactonicDLLPlugin\TactonicCode\SingleTactonicDLL\Debug\SingleTactonicDLL.write.1.tlog
E:\zhenyi\TactonicPlugin\TactonicDLLPlugin\TactonicCode\SingleTactonicDLL\Debug\vc110.idb
E:\zhenyi\TactonicPlugin\TactonicDLLPlugin\TactonicCode\SingleTactonicDLL\Debug\vc110.pdb
E:\zhenyi\TactonicPlugin\TactonicDLLPlugin\TactonicCode\TactonicDemos\Debug\SingleTactonicDLL.pdb
E:\zhenyi\TactonicPlugin\TactonicDLLPlugin\TactonicCode\TactonicDemos\Debug\SingleTactonicDLL.dll
E:\zhenyi\TactonicPlugin\TactonicDLLPlugin\TactonicCode\TactonicDemos\Debug\SingleTactonicDLL.ilk
