D:\ZHENYI\GITREPOSITORY\TACTONICPLUGIN\TACTONICDLLPLUGIN\TACTONICCODE\TACTONICDEMOS\X64\DEBUG\TACTONICVISUALIZER.OBJ
D:\ZHENYI\GITREPOSITORY\TACTONICPLUGIN\TACTONICDLLPLUGIN\TACTONICCODE\TACTONICDEMOS\X64\DEBUG\DISPLAYVIEWS.OBJ
D:\ZHENYI\GITREPOSITORY\TACTONICPLUGIN\TACTONICDLLPLUGIN\TACTONICCODE\TACTONICDEMOS\X64\DEBUG\CONTOURS.OBJ
D:\ZHENYI\GITREPOSITORY\TACTONICPLUGIN\TACTONICDLLPLUGIN\TACTONICCODE\TACTONICDEMOS\X64\DEBUG\VC110.PDB
D:\ZHENYI\GITREPOSITORY\TACTONICPLUGIN\TACTONICDLLPLUGIN\TACTONICCODE\TACTONICDEMOS\X64\DEBUG\TACTONICVISUALIZERWIN.ILK
D:\ZHENYI\GITREPOSITORY\TACTONICPLUGIN\TACTONICDLLPLUGIN\TACTONICCODE\TACTONICDEMOS\X64\DEBUG\TACTONICVISUALIZERWIN.EXE
D:\ZHENYI\GITREPOSITORY\TACTONICPLUGIN\TACTONICDLLPLUGIN\TACTONICCODE\TACTONICDEMOS\X64\DEBUG\TACTONICVISUALIZERWIN.PDB
D:\Zhenyi\gitRepository\TactonicPlugin\TactonicDLLPlugin\TactonicCode\TactonicDemos\x64\Debug\Contours.obj
D:\Zhenyi\gitRepository\TactonicPlugin\TactonicDLLPlugin\TactonicCode\TactonicDemos\x64\Debug\DisplayViews.obj
D:\Zhenyi\gitRepository\TactonicPlugin\TactonicDLLPlugin\TactonicCode\TactonicDemos\x64\Debug\TactonicVisualizer.obj
D:\Zhenyi\gitRepository\TactonicPlugin\TactonicDLLPlugin\TactonicCode\TactonicDemos\x64\Debug\TactonicDLL.ilk
D:\Zhenyi\gitRepository\TactonicPlugin\TactonicDLLPlugin\TactonicCode\TactonicDemos\x64\Debug\TactonicVisualizerWin.ilk
D:\Zhenyi\gitRepository\TactonicPlugin\TactonicDLLPlugin\TactonicCode\TactonicDemos\x64\Debug\cl.command.1.tlog
D:\Zhenyi\gitRepository\TactonicPlugin\TactonicDLLPlugin\TactonicCode\TactonicDemos\x64\Debug\CL.read.1.tlog
D:\Zhenyi\gitRepository\TactonicPlugin\TactonicDLLPlugin\TactonicCode\TactonicDemos\x64\Debug\CL.write.1.tlog
D:\Zhenyi\gitRepository\TactonicPlugin\TactonicDLLPlugin\TactonicCode\TactonicDemos\x64\Debug\link-cvtres.read.1.tlog
D:\Zhenyi\gitRepository\TactonicPlugin\TactonicDLLPlugin\TactonicCode\TactonicDemos\x64\Debug\link-cvtres.write.1.tlog
D:\Zhenyi\gitRepository\TactonicPlugin\TactonicDLLPlugin\TactonicCode\TactonicDemos\x64\Debug\link-rc.read.1.tlog
D:\Zhenyi\gitRepository\TactonicPlugin\TactonicDLLPlugin\TactonicCode\TactonicDemos\x64\Debug\link-rc.write.1.tlog
D:\Zhenyi\gitRepository\TactonicPlugin\TactonicDLLPlugin\TactonicCode\TactonicDemos\x64\Debug\link.command.1.tlog
D:\Zhenyi\gitRepository\TactonicPlugin\TactonicDLLPlugin\TactonicCode\TactonicDemos\x64\Debug\link.read.1.tlog
D:\Zhenyi\gitRepository\TactonicPlugin\TactonicDLLPlugin\TactonicCode\TactonicDemos\x64\Debug\link.write.1.tlog
D:\Zhenyi\gitRepository\TactonicPlugin\TactonicDLLPlugin\TactonicCode\TactonicDemos\x64\Debug\TactonicDLL.exp
D:\Zhenyi\gitRepository\TactonicPlugin\TactonicDLLPlugin\TactonicCode\TactonicDemos\x64\Debug\TactonicDLL.pdb
D:\Zhenyi\gitRepository\TactonicPlugin\TactonicDLLPlugin\TactonicCode\TactonicDemos\x64\Debug\TactonicVisualizerWin.pdb
D:\Zhenyi\gitRepository\TactonicPlugin\TactonicDLLPlugin\TactonicCode\TactonicDemos\x64\Debug\vc110.pdb
D:\Zhenyi\gitRepository\TactonicPlugin\TactonicDLLPlugin\TactonicCode\TactonicDemos\x64\Debug\TactonicVisualizerWin.exe
