Build started 2/10/2016 4:30:46 PM.
     1>Project "D:\Zhenyi\gitRepository\TactonicPlugin\TactonicDLLPlugin\TactonicCode\TactonicDemos\TactonicVisualizerWin.vcxproj" on node 2 (Build target(s)).
     1>ClCompile:
         C:\Program Files (x86)\Microsoft Visual Studio 14.0\VC\bin\x86_amd64\CL.exe /c /ID:\Zhenyi\gitRepository\TactonicPlugin\TactonicDLLPlugin\TactonicCode\TactonicDemos\\..\..\Stable\TactonicLib\include /ID:\Zhenyi\gitRepository\TactonicPlugin\TactonicDLLPlugin\TactonicCode\TactonicDemos\\include /Zi /nologo /W3 /WX- /Od /D WIN32 /D _DEBUG /D _CONSOLE /D _MBCS /Gm- /EHsc /RTC1 /MTd /GS /fp:precise /Zc:wchar_t /Zc:forScope /Zc:inline /Fo"x64\Debug\\" /Fd"x64\Debug\vc140.pdb" /Gd /TP /errorReport:prompt src\Contours.cpp src\DisplayViews.cpp src\TactonicVisualizer.cpp
         Contours.cpp
     1>src\Contours.cpp(41): warning C4554: '>>': check operator precedence for possible error; use parentheses to clarify precedence
     1>src\Contours.cpp(42): warning C4554: '>>': check operator precedence for possible error; use parentheses to clarify precedence
     1>src\Contours.cpp(91): warning C4554: '>>': check operator precedence for possible error; use parentheses to clarify precedence
     1>src\Contours.cpp(95): warning C4554: '>>': check operator precedence for possible error; use parentheses to clarify precedence
     1>src\Contours.cpp(98): warning C4554: '<<': check operator precedence for possible error; use parentheses to clarify precedence
     1>src\Contours.cpp(116): warning C4554: '>>': check operator precedence for possible error; use parentheses to clarify precedence
     1>src\Contours.cpp(117): warning C4554: '>>': check operator precedence for possible error; use parentheses to clarify precedence
         DisplayViews.cpp
     1>C:\Program Files (x86)\Windows Kits\8.1\Include\shared\minwindef.h(127): warning C4005: 'CALLBACK': macro redefinition
         d:\zhenyi\gitrepository\tactonicplugin\tactonicdllplugin\tactoniccode\tactonicdemos\include\glut.h(34): note: see previous definition of 'CALLBACK'
         TactonicVisualizer.cpp
         Generating Code...
       Link:
         C:\Program Files (x86)\Microsoft Visual Studio 14.0\VC\bin\x86_amd64\link.exe /ERRORREPORT:PROMPT /OUT:"D:\Zhenyi\gitRepository\TactonicPlugin\TactonicDLLPlugin\TactonicCode\TactonicDemos\x64\Debug\TactonicVisualizerWin.exe" /NOLOGO /LIBPATH:D:\Zhenyi\gitRepository\TactonicPlugin\TactonicDLLPlugin\TactonicCode\TactonicDemos\\lib /LIBPATH:D:\Zhenyi\gitRepository\TactonicPlugin\TactonicDLLPlugin\TactonicCode\TactonicDemos\\..\..\Stable\TactonicLib\lib tactonicTouch.lib tactonic.lib glut32.lib kernel32.lib user32.lib gdi32.lib winspool.lib comdlg32.lib advapi32.lib shell32.lib ole32.lib oleaut32.lib uuid.lib odbc32.lib odbccp32.lib /MANIFEST /MANIFESTUAC:"level='asInvoker' uiAccess='false'" /manifest:embed /Debug /PDB:"D:\Zhenyi\gitRepository\TactonicPlugin\TactonicDLLPlugin\TactonicCode\TactonicDemos\x64\Debug\TactonicVisualizerWin.pdb" /TLBID:1 /DYNAMICBASE /NXCOMPAT /IMPLIB:"D:\Zhenyi\gitRepository\TactonicPlugin\TactonicDLLPlugin\TactonicCode\TactonicDemos\x64\Debug\TactonicVisualizerWin.lib" /MACHINE:X64 x64\Debug\Contours.obj
         x64\Debug\DisplayViews.obj
         x64\Debug\TactonicVisualizer.obj
         TactonicVisualizerWin.vcxproj -> D:\Zhenyi\gitRepository\TactonicPlugin\TactonicDLLPlugin\TactonicCode\TactonicDemos\x64\Debug\TactonicVisualizerWin.exe
       PostBuildEvent:
         echo POSTBUILDSTEP for Debug - TactonicVisualizerWin
         xcopy "D:\Zhenyi\gitRepository\TactonicPlugin\TactonicDLLPlugin\TactonicCode\TactonicDemos\\..\..\Stable\TactonicLib\lib\tactonic.dll" "D:\Zhenyi\gitRepository\TactonicPlugin\TactonicDLLPlugin\TactonicCode\TactonicDemos\\Debug"  /y
         xcopy "D:\Zhenyi\gitRepository\TactonicPlugin\TactonicDLLPlugin\TactonicCode\TactonicDemos\\..\..\Stable\TactonicLib\lib\tactonicTouch.dll" "D:\Zhenyi\gitRepository\TactonicPlugin\TactonicDLLPlugin\TactonicCode\TactonicDemos\\Debug"  /y
         xcopy "D:\Zhenyi\gitRepository\TactonicPlugin\TactonicDLLPlugin\TactonicCode\TactonicDemos\\..\..\Stable\TactonicLib\lib\ftd2xx.dll" "D:\Zhenyi\gitRepository\TactonicPlugin\TactonicDLLPlugin\TactonicCode\TactonicDemos\\Debug"  /y
         xcopy "D:\Zhenyi\gitRepository\TactonicPlugin\TactonicDLLPlugin\TactonicCode\TactonicDemos\\lib\glut32.dll" "D:\Zhenyi\gitRepository\TactonicPlugin\TactonicDLLPlugin\TactonicCode\TactonicDemos\\Debug"  /y
         xcopy "D:\Zhenyi\gitRepository\TactonicPlugin\TactonicDLLPlugin\TactonicCode\TactonicDemos\\include\DisplayViews.h" "D:\Zhenyi\gitRepository\TactonicPlugin\TactonicDLLPlugin\TactonicCode\TactonicDemos\\..\..\Stable\TactonicSource\include\"  /y
         xcopy "D:\Zhenyi\gitRepository\TactonicPlugin\TactonicDLLPlugin\TactonicCode\TactonicDemos\\src\DisplayViews.cpp" "D:\Zhenyi\gitRepository\TactonicPlugin\TactonicDLLPlugin\TactonicCode\TactonicDemos\\..\..\Stable\TactonicSource\src\"  /y
         xcopy "D:\Zhenyi\gitRepository\TactonicPlugin\TactonicDLLPlugin\TactonicCode\TactonicDemos\\src\TactonicVisualizer.cpp" "D:\Zhenyi\gitRepository\TactonicPlugin\TactonicDLLPlugin\TactonicCode\TactonicDemos\\..\..\Stable\TactonicSource\src\"  /y
         xcopy "D:\Zhenyi\gitRepository\TactonicPlugin\TactonicDLLPlugin\TactonicCode\TactonicDemos\TactonicVisualizerLogo.tga" "D:\Zhenyi\gitRepository\TactonicPlugin\TactonicDLLPlugin\TactonicCode\TactonicDemos\\Debug"  /y
         
         :VCEnd
         POSTBUILDSTEP for Debug - TactonicVisualizerWin
         D:\Zhenyi\gitRepository\TactonicPlugin\TactonicDLLPlugin\TactonicCode\TactonicDemos\\..\..\Stable\TactonicLib\lib\tactonic.dll
         1 File(s) copied
         D:\Zhenyi\gitRepository\TactonicPlugin\TactonicDLLPlugin\TactonicCode\TactonicDemos\\..\..\Stable\TactonicLib\lib\tactonicTouch.dll
         1 File(s) copied
         D:\Zhenyi\gitRepository\TactonicPlugin\TactonicDLLPlugin\TactonicCode\TactonicDemos\\..\..\Stable\TactonicLib\lib\ftd2xx.dll
         1 File(s) copied
         D:\Zhenyi\gitRepository\TactonicPlugin\TactonicDLLPlugin\TactonicCode\TactonicDemos\\lib\glut32.dll
         1 File(s) copied
         D:\Zhenyi\gitRepository\TactonicPlugin\TactonicDLLPlugin\TactonicCode\TactonicDemos\\include\DisplayViews.h
         1 File(s) copied
         D:\Zhenyi\gitRepository\TactonicPlugin\TactonicDLLPlugin\TactonicCode\TactonicDemos\\src\DisplayViews.cpp
         1 File(s) copied
         D:\Zhenyi\gitRepository\TactonicPlugin\TactonicDLLPlugin\TactonicCode\TactonicDemos\\src\TactonicVisualizer.cpp
         1 File(s) copied
         D:\Zhenyi\gitRepository\TactonicPlugin\TactonicDLLPlugin\TactonicCode\TactonicDemos\TactonicVisualizerLogo.tga
         1 File(s) copied
     1>Done Building Project "D:\Zhenyi\gitRepository\TactonicPlugin\TactonicDLLPlugin\TactonicCode\TactonicDemos\TactonicVisualizerWin.vcxproj" (Build target(s)).

Build succeeded.

Time Elapsed 00:00:14.39
